Request received at: 2025-12-24 07:42:05
Raw input: {"customer_email":"gowtham@gmail.com","customer_name":"Gowtham","customer_phone":"9874563210","duration":"4-8 hours","estimated_price":31250.0,"event_date":"2024-12-25","event_name":"wedding","event_time":"16:00:00","event_type":"WEDDING","guest_count":80,"preferred_contact_method":"PHONE","service_name":"Photography","user_id":1,"vendor_id":1,"vendor_name":"Capture Moments Studio","venue":"ITC"}
Request received at: 2025-12-26 10:09:44
Raw input: {"customer_email":"b@gmail.com","customer_name":"ygy","customer_phone":"0321456987","duration":"4-8 hours","estimated_price":22500.0,"event_date":"2024-12-25","event_name":"cfcf","event_time":"16:00:00","event_type":"BIRTHDAY","guest_count":54,"preferred_contact_method":"PHONE","service_name":"Photography","user_id":1,"vendor_id":1,"vendor_name":"Pixel Perfect Photography","venue":"dttf"}
Request received at: 2025-12-26 16:33:11
Raw input: {"alternate_phone":"9894345935","customer_email":"g@gmail.com","customer_name":"Gowtham","customer_phone":"9384742451","duration":"6-8 hours","estimated_price":937.5,"event_date":"2024-12-25","event_name":"Get together","event_time":"17:00:00","event_type":"PARTY","guest_count":100,"preferred_contact_method":"PHONE","service_name":"Catering","special_requirements":"Video Is also required","user_id":1,"vendor_id":1,"vendor_name":"Royal Feast Caterers","venue":"AGS"}
Request received at: 2026-01-07 08:10:09
Raw input: {"customer_email":"Gwt@gmail.com","customer_name":"Gowtham","customer_phone":"7419635208","duration":"4-8 hours","estimated_price":20700.0,"event_date":"2026-01-24","event_name":"Anniversary","event_time":"19:00:00","event_type":"PARTY","guest_count":50,"preferred_contact_method":"PHONE","service_name":"DJ/Music","user_id":1,"vendor_id":1,"vendor_name":"Beat Masters DJ","venue":"VGP"}
Request received at: 2026-01-07 08:17:52
Raw input: {"customer_email":"Gwt@gmail.com","customer_name":"Gowtham","customer_phone":"7419635208","duration":"4-8 hours","estimated_price":20700.0,"event_date":"2026-01-24","event_name":"Anniversary","event_time":"19:00:00","event_type":"PARTY","guest_count":50,"preferred_contact_method":"PHONE","service_name":"DJ/Music","user_id":1,"vendor_id":1,"vendor_name":"Beat Masters DJ","venue":"VGP"}
Request received at: 2026-01-07 08:19:27
Raw input: {"customer_email":"g@gmail.com","customer_name":"Gowtham","customer_phone":"7410852963","duration":"4-8 hours","estimated_price":24300.0,"event_date":"2026-01-24","event_name":"Graduation","event_time":"20:00:00","event_type":"PARTY","guest_count":500,"preferred_contact_method":"PHONE","service_name":"DJ/Music","user_id":1,"vendor_id":1,"vendor_name":"Beat Masters DJ","venue":"VGP"}
Request received at: 2026-01-07 08:41:22
Raw input: {"customer_email":"g@gmail.com","customer_name":"gowtham","customer_phone":"9638520741","duration":"4-8 hours","estimated_price":18750.0,"event_date":"2026-01-24","event_name":"Event","event_time":"20:00:00","event_type":"CORPORATE","guest_count":100,"preferred_contact_method":"PHONE","service_name":"DJ/Music","user_id":1,"vendor_id":1,"vendor_name":"Sound Wave Entertainment","venue":"AGS"}
Request received at: 2026-01-07 09:03:22
Raw input: {"customer_email":"g@gmail.com","customer_name":"gowtham","customer_phone":"9638520741","duration":"4-8 hours","estimated_price":18750.0,"event_date":"2026-01-24","event_name":"Event","event_time":"20:00:00","event_type":"CORPORATE","guest_count":100,"preferred_contact_method":"PHONE","service_name":"DJ/Music","user_id":1,"vendor_id":1,"vendor_name":"Sound Wave Entertainment","venue":"AGS"}
Request received at: 2026-01-07 09:48:58
Raw input: {"customer_email":"g@gmail.com","customer_name":"gowtham","customer_phone":"9638520741","duration":"4-8 hours","estimated_price":18750.0,"event_date":"2026-01-24","event_name":"Event","event_time":"20:00:00","event_type":"CORPORATE","guest_count":100,"preferred_contact_method":"PHONE","service_name":"DJ/Music","user_id":1,"vendor_id":1,"vendor_name":"Sound Wave Entertainment","venue":"AGS"}
[14-Jan-2026 12:31:36 Europe/Berlin] Error in update_booking_status.php: SQLSTATE[42S02]: Base table or view not found: 1146 Table 'eventura_db_v2.user_tokens' doesn't exist
[14-Jan-2026 12:34:39 Europe/Berlin] Error in update_booking_status.php: SQLSTATE[42S22]: Column not found: 1054 Unknown column 'u.user_type' in 'field list'
[14-Jan-2026 12:42:44 Europe/Berlin] Transaction error: SQLSTATE[23000]: Integrity constraint violation: 1048 Column 'changed_by' cannot be null
[14-Jan-2026 12:42:44 Europe/Berlin] Error in update_booking_status.php: SQLSTATE[23000]: Integrity constraint violation: 1048 Column 'changed_by' cannot be null
[14-Jan-2026 12:45:01 Europe/Berlin] Transaction error: SQLSTATE[42S22]: Column not found: 1054 Unknown column 'booking_id' in 'field list'
[14-Jan-2026 12:45:01 Europe/Berlin] Error in update_booking_status.php: SQLSTATE[42S22]: Column not found: 1054 Unknown column 'booking_id' in 'field list'
[14-Jan-2026 13:55:43 Europe/Berlin] === Update Booking Status Request Start ===
[14-Jan-2026 13:55:43 Europe/Berlin] User authenticated: ID=5, Type=organizer, OrganizerID=
[14-Jan-2026 13:55:43 Europe/Berlin] Raw input: {"action":"APPROVE","booking_id":11,"remarks":"Approved"}
[14-Jan-2026 13:55:43 Europe/Berlin] Booking ID: 11, Action: APPROVE
[14-Jan-2026 13:55:43 Europe/Berlin] Booking found: Status=PENDING
[14-Jan-2026 13:55:43 Europe/Berlin] Approved by: 5
[14-Jan-2026 13:55:43 Europe/Berlin] Transaction started
[14-Jan-2026 13:55:43 Europe/Berlin] New status: CONFIRMED
[14-Jan-2026 13:55:43 Europe/Berlin] Booking updated successfully
[14-Jan-2026 13:55:43 Europe/Berlin] History logged successfully
[14-Jan-2026 13:55:43 Europe/Berlin] Transaction error: SQLSTATE[42S22]: Column not found: 1054 Unknown column 'booking_id' in 'field list'
[14-Jan-2026 13:55:43 Europe/Berlin] Stack trace: #0 C:\xampp\htdocs\eventura_api\api\admin\update_booking_status.php(206): PDOStatement->execute()
#1 {main}
[14-Jan-2026 13:55:43 Europe/Berlin] Error in update_booking_status.php: SQLSTATE[42S22]: Column not found: 1054 Unknown column 'booking_id' in 'field list'
[14-Jan-2026 13:55:43 Europe/Berlin] Stack trace: #0 C:\xampp\htdocs\eventura_api\api\admin\update_booking_status.php(206): PDOStatement->execute()
#1 {main}
[14-Jan-2026 14:03:51 Europe/Berlin] === Update Booking Status Request Start ===
[14-Jan-2026 14:03:51 Europe/Berlin] User authenticated: ID=5, Type=organizer, OrganizerID=
[14-Jan-2026 14:03:51 Europe/Berlin] Raw input: {"action":"APPROVE","booking_id":11,"remarks":"Approved"}
[14-Jan-2026 14:03:51 Europe/Berlin] Booking ID: 11, Action: APPROVE
[14-Jan-2026 14:03:51 Europe/Berlin] Booking found: Status=PENDING
[14-Jan-2026 14:03:51 Europe/Berlin] Approved by: 5
[14-Jan-2026 14:03:51 Europe/Berlin] Transaction started
[14-Jan-2026 14:03:51 Europe/Berlin] New status: CONFIRMED
[14-Jan-2026 14:03:51 Europe/Berlin] Booking updated successfully
[14-Jan-2026 14:03:51 Europe/Berlin] History logged successfully
[14-Jan-2026 14:03:51 Europe/Berlin] Transaction error: SQLSTATE[42S22]: Column not found: 1054 Unknown column 'booking_id' in 'field list'
[14-Jan-2026 14:03:51 Europe/Berlin] Stack trace: #0 C:\xampp\htdocs\eventura_api\api\admin\update_booking_status.php(206): PDOStatement->execute()
#1 {main}
[14-Jan-2026 14:03:51 Europe/Berlin] Error in update_booking_status.php: SQLSTATE[42S22]: Column not found: 1054 Unknown column 'booking_id' in 'field list'
[14-Jan-2026 14:03:51 Europe/Berlin] Stack trace: #0 C:\xampp\htdocs\eventura_api\api\admin\update_booking_status.php(206): PDOStatement->execute()
#1 {main}
[14-Jan-2026 14:03:55 Europe/Berlin] === Update Booking Status Request Start ===
[14-Jan-2026 14:03:55 Europe/Berlin] User authenticated: ID=5, Type=organizer, OrganizerID=
[14-Jan-2026 14:03:55 Europe/Berlin] Raw input: {"action":"APPROVE","booking_id":11,"remarks":"Approved"}
[14-Jan-2026 14:03:55 Europe/Berlin] Booking ID: 11, Action: APPROVE
[14-Jan-2026 14:03:55 Europe/Berlin] Booking found: Status=PENDING
[14-Jan-2026 14:03:55 Europe/Berlin] Approved by: 5
[14-Jan-2026 14:03:55 Europe/Berlin] Transaction started
[14-Jan-2026 14:03:55 Europe/Berlin] New status: CONFIRMED
[14-Jan-2026 14:03:55 Europe/Berlin] Booking updated successfully
[14-Jan-2026 14:03:55 Europe/Berlin] History logged successfully
[14-Jan-2026 14:03:55 Europe/Berlin] Transaction error: SQLSTATE[42S22]: Column not found: 1054 Unknown column 'booking_id' in 'field list'
[14-Jan-2026 14:03:55 Europe/Berlin] Stack trace: #0 C:\xampp\htdocs\eventura_api\api\admin\update_booking_status.php(206): PDOStatement->execute()
#1 {main}
[14-Jan-2026 14:03:55 Europe/Berlin] Error in update_booking_status.php: SQLSTATE[42S22]: Column not found: 1054 Unknown column 'booking_id' in 'field list'
[14-Jan-2026 14:03:55 Europe/Berlin] Stack trace: #0 C:\xampp\htdocs\eventura_api\api\admin\update_booking_status.php(206): PDOStatement->execute()
#1 {main}
[14-Jan-2026 14:04:16 Europe/Berlin] === Update Booking Status Request Start ===
[14-Jan-2026 14:04:16 Europe/Berlin] User authenticated: ID=5, Type=organizer, OrganizerID=
[14-Jan-2026 14:04:16 Europe/Berlin] Raw input: {"action":"APPROVE","booking_id":11,"remarks":"Approved"}
[14-Jan-2026 14:04:16 Europe/Berlin] Booking ID: 11, Action: APPROVE
[14-Jan-2026 14:04:16 Europe/Berlin] Booking found: Status=PENDING
[14-Jan-2026 14:04:16 Europe/Berlin] Approved by: 5
[14-Jan-2026 14:04:16 Europe/Berlin] Transaction started
[14-Jan-2026 14:04:16 Europe/Berlin] New status: CONFIRMED
[14-Jan-2026 14:04:16 Europe/Berlin] Booking updated successfully
[14-Jan-2026 14:04:16 Europe/Berlin] History logged successfully
[14-Jan-2026 14:04:16 Europe/Berlin] Transaction error: SQLSTATE[42S22]: Column not found: 1054 Unknown column 'booking_id' in 'field list'
[14-Jan-2026 14:04:16 Europe/Berlin] Stack trace: #0 C:\xampp\htdocs\eventura_api\api\admin\update_booking_status.php(206): PDOStatement->execute()
#1 {main}
[14-Jan-2026 14:04:16 Europe/Berlin] Error in update_booking_status.php: SQLSTATE[42S22]: Column not found: 1054 Unknown column 'booking_id' in 'field list'
[14-Jan-2026 14:04:16 Europe/Berlin] Stack trace: #0 C:\xampp\htdocs\eventura_api\api\admin\update_booking_status.php(206): PDOStatement->execute()
#1 {main}
[14-Jan-2026 14:10:25 Europe/Berlin] === Update Booking Status Request Start ===
[14-Jan-2026 14:10:25 Europe/Berlin] User authenticated: ID=5, Type=organizer, OrganizerID=
[14-Jan-2026 14:10:25 Europe/Berlin] Raw input: {"action":"APPROVE","booking_id":11,"remarks":"Approved"}
[14-Jan-2026 14:10:25 Europe/Berlin] Booking ID: 11, Action: APPROVE
[14-Jan-2026 14:10:25 Europe/Berlin] Booking found: Status=PENDING
[14-Jan-2026 14:10:25 Europe/Berlin] Approved by: 5
[14-Jan-2026 14:10:25 Europe/Berlin] Transaction started
[14-Jan-2026 14:10:25 Europe/Berlin] New status: CONFIRMED
[14-Jan-2026 14:10:25 Europe/Berlin] Booking updated successfully
[14-Jan-2026 14:10:25 Europe/Berlin] History logged successfully
[14-Jan-2026 14:10:25 Europe/Berlin] Notification created successfully
[14-Jan-2026 14:10:25 Europe/Berlin] Transaction committed
[14-Jan-2026 14:10:25 Europe/Berlin] Response: {"success":true,"message":"Booking CONFIRMED successfully","data":{"id":11,"status":"CONFIRMED"}}
[14-Jan-2026 14:10:39 Europe/Berlin] === Update Booking Status Request Start ===
[14-Jan-2026 14:10:39 Europe/Berlin] User authenticated: ID=5, Type=organizer, OrganizerID=
[14-Jan-2026 14:10:39 Europe/Berlin] Raw input: {"action":"REJECT","booking_id":3,"rejection_reason":"Outside service area"}
[14-Jan-2026 14:10:39 Europe/Berlin] Booking ID: 3, Action: REJECT
[14-Jan-2026 14:10:39 Europe/Berlin] Booking found: Status=PENDING
[14-Jan-2026 14:10:39 Europe/Berlin] Approved by: 5
[14-Jan-2026 14:10:39 Europe/Berlin] Transaction started
[14-Jan-2026 14:10:39 Europe/Berlin] New status: REJECTED
[14-Jan-2026 14:10:39 Europe/Berlin] Booking updated successfully
[14-Jan-2026 14:10:39 Europe/Berlin] History logged successfully
[14-Jan-2026 14:10:39 Europe/Berlin] Notification created successfully
[14-Jan-2026 14:10:39 Europe/Berlin] Transaction committed
[14-Jan-2026 14:10:39 Europe/Berlin] Response: {"success":true,"message":"Booking REJECTED successfully","data":{"id":3,"status":"REJECTED"}}
[15-Jan-2026 16:54:25 Europe/Berlin] === Update Booking Status Request Start ===
[15-Jan-2026 16:54:25 Europe/Berlin] User authenticated: ID=3, Type=organizer, OrganizerID=
[15-Jan-2026 16:54:25 Europe/Berlin] Raw input: {"action":"APPROVE","booking_id":13,"remarks":"Approved"}
[15-Jan-2026 16:54:25 Europe/Berlin] Booking ID: 13, Action: APPROVE
[15-Jan-2026 16:54:25 Europe/Berlin] Booking found: Status=PENDING
[15-Jan-2026 16:54:25 Europe/Berlin] Approved by: 3
[15-Jan-2026 16:54:25 Europe/Berlin] Transaction started
[15-Jan-2026 16:54:25 Europe/Berlin] New status: CONFIRMED
[15-Jan-2026 16:54:25 Europe/Berlin] Booking updated successfully
[15-Jan-2026 16:54:25 Europe/Berlin] History logged successfully
[15-Jan-2026 16:54:25 Europe/Berlin] Notification created successfully
[15-Jan-2026 16:54:25 Europe/Berlin] Transaction committed
[15-Jan-2026 16:54:25 Europe/Berlin] Response: {"success":true,"message":"Booking CONFIRMED successfully","data":{"id":13,"status":"CONFIRMED"}}
[15-Jan-2026 17:21:17 Europe/Berlin] === Update Booking Status Request Start ===
[15-Jan-2026 17:21:17 Europe/Berlin] User authenticated: ID=3, Type=organizer, OrganizerID=
[15-Jan-2026 17:21:17 Europe/Berlin] Raw input: {"action":"APPROVE","booking_id":1,"remarks":"Approved"}
[15-Jan-2026 17:21:17 Europe/Berlin] Booking ID: 1, Action: APPROVE
[15-Jan-2026 17:21:17 Europe/Berlin] Booking found: Status=PENDING
[15-Jan-2026 17:21:17 Europe/Berlin] Approved by: 3
[15-Jan-2026 17:21:17 Europe/Berlin] Transaction started
[15-Jan-2026 17:21:17 Europe/Berlin] New status: CONFIRMED
[15-Jan-2026 17:21:17 Europe/Berlin] Booking updated successfully
[15-Jan-2026 17:21:17 Europe/Berlin] History logged successfully
[15-Jan-2026 17:21:17 Europe/Berlin] Notification created successfully
[15-Jan-2026 17:21:17 Europe/Berlin] Transaction committed
[15-Jan-2026 17:21:17 Europe/Berlin] Response: {"success":true,"message":"Booking CONFIRMED successfully","data":{"id":1,"status":"CONFIRMED"}}
[15-Jan-2026 19:19:13 Europe/Berlin] === Update Booking Status Request Start ===
[15-Jan-2026 19:19:13 Europe/Berlin] User authenticated: ID=3, Type=organizer, OrganizerID=
[15-Jan-2026 19:19:13 Europe/Berlin] Raw input: {"action":"REJECT","booking_id":15,"rejection_reason":"Package requirements cannot be met"}
[15-Jan-2026 19:19:13 Europe/Berlin] Booking ID: 15, Action: REJECT
[15-Jan-2026 19:19:13 Europe/Berlin] Booking found: Status=PENDING
[15-Jan-2026 19:19:13 Europe/Berlin] Approved by: 3
[15-Jan-2026 19:19:13 Europe/Berlin] Transaction started
[15-Jan-2026 19:19:13 Europe/Berlin] New status: REJECTED
[15-Jan-2026 19:19:13 Europe/Berlin] Booking updated successfully
[15-Jan-2026 19:19:13 Europe/Berlin] History logged successfully
[15-Jan-2026 19:19:13 Europe/Berlin] Notification created successfully
[15-Jan-2026 19:19:13 Europe/Berlin] Transaction committed
[15-Jan-2026 19:19:13 Europe/Berlin] Response: {"success":true,"message":"Booking REJECTED successfully","data":{"id":15,"status":"REJECTED"}}
[16-Jan-2026 17:35:22 Europe/Berlin] === Update Booking Status Request Start ===
[16-Jan-2026 17:35:22 Europe/Berlin] User authenticated: ID=3, Type=organizer, OrganizerID=
[16-Jan-2026 17:35:22 Europe/Berlin] Raw input: {"action":"APPROVE","booking_id":16,"remarks":"Approved"}
[16-Jan-2026 17:35:22 Europe/Berlin] Booking ID: 16, Action: APPROVE
[16-Jan-2026 17:35:22 Europe/Berlin] Booking found: Status=PENDING
[16-Jan-2026 17:35:22 Europe/Berlin] Approved by: 3
[16-Jan-2026 17:35:22 Europe/Berlin] Transaction started
[16-Jan-2026 17:35:22 Europe/Berlin] New status: CONFIRMED
[16-Jan-2026 17:35:22 Europe/Berlin] Booking updated successfully
[16-Jan-2026 17:35:22 Europe/Berlin] History logged successfully
[16-Jan-2026 17:35:22 Europe/Berlin] Notification created successfully
[16-Jan-2026 17:35:22 Europe/Berlin] Transaction committed
[16-Jan-2026 17:35:22 Europe/Berlin] Response: {"success":true,"message":"Booking CONFIRMED successfully","data":{"id":16,"status":"CONFIRMED"}}
Request received at: 2026-01-16 18:35:41
Raw input: {"client_id":1,"customer_email":"gowthi@gmail.com","customer_name":"Gowtham","customer_phone":"9384742451","duration":"4-8 hours","estimated_price":937.5,"event_date":"2026-01-17","event_name":"Get together","event_time":"20:00:00","event_type":"PARTY","guest_count":100,"preferred_contact_method":"PHONE","service_name":"Catering","special_requirements":"Quality of food should be awesome ","user_id":1,"vendor_id":1,"vendor_name":"Royal Feast Caterers","venue":"VGP"}
=== NEW REQUEST ===
Request received at: 2026-01-16 19:07:01
Raw input: {"client_id":1,"customer_email":"gowthi@gmail.com","customer_name":"Gowtham","customer_phone":"9384742451","duration":"4-8 hours","estimated_price":937.5,"event_date":"2026-01-17","event_name":"Get together","event_time":"20:00:00","event_type":"PARTY","guest_count":100,"preferred_contact_method":"PHONE","service_name":"Catering","special_requirements":"Quality of food should be awesome ","user_id":1,"vendor_id":1,"vendor_name":"Royal Feast Caterers","venue":"VGP"}
Headers: {"Content-Type":"application\/json; charset=UTF-8","Content-Length":"469","Host":"10.0.2.2","Connection":"Keep-Alive","Accept-Encoding":"gzip","User-Agent":"okhttp\/4.12.0"}
Extracted token: NULL
❌ Authorization header missing
=== NEW REQUEST ===
Request received at: 2026-01-16 19:20:14
Raw input: {"client_id":1,"customer_email":"g@gmail.com","customer_name":"Gowtham","customer_phone":"9384742451","duration":"4-8 hours","estimated_price":937.5,"event_date":"2026-01-22","event_name":"Get together ","event_time":"16:00:00","event_type":"PARTY","guest_count":100,"preferred_contact_method":"PHONE","service_name":"Catering","user_id":1,"vendor_id":1,"vendor_name":"Royal Feast Caterers","venue":"VGP"}
Headers: {"Content-Type":"application\/json; charset=UTF-8","Content-Length":"405","Host":"10.0.2.2","Connection":"Keep-Alive","Accept-Encoding":"gzip","User-Agent":"okhttp\/4.12.0"}
Extracted token: NULL
❌ Authorization header missing
=== NEW REQUEST ===
Request received at: 2026-01-16 19:25:44
Raw input: {"client_id":1,"customer_email":"g@gmail.com","customer_name":"Gowtham","customer_phone":"9384742451","duration":"4-8 hours","estimated_price":937.5,"event_date":"2026-01-20","event_name":"Get together","event_time":"18:00:00","event_type":"PARTY","guest_count":100,"preferred_contact_method":"PHONE","service_name":"Catering","user_id":1,"vendor_id":1,"vendor_name":"Royal Feast Caterers","venue":"VGP"}
Headers: {"Content-Type":"application\/json; charset=UTF-8","Content-Length":"404","Host":"10.0.2.2","Connection":"Keep-Alive","Accept-Encoding":"gzip","User-Agent":"okhttp\/4.12.0"}
Extracted token: NULL
❌ Authorization header missing
=== NEW REQUEST ===
Request received at: 2026-01-16 19:32:17
Raw input: {"client_id":1,"customer_email":"g@gmail.com","customer_name":"Gowtham","customer_phone":"9384742451","duration":"4-8 hours","estimated_price":937.5,"event_date":"2026-01-20","event_name":"Get together","event_time":"18:00:00","event_type":"PARTY","guest_count":100,"preferred_contact_method":"PHONE","service_name":"Catering","user_id":1,"vendor_id":1,"vendor_name":"Royal Feast Caterers","venue":"VGP"}
Headers: {"Content-Type":"application\/json; charset=UTF-8","Content-Length":"404","Host":"10.0.2.2","Connection":"Keep-Alive","Accept-Encoding":"gzip","User-Agent":"okhttp\/4.12.0"}
Extracted token: NULL
❌ Authorization header missing
=== NEW REQUEST ===
Request received at: 2026-01-16 19:37:23
Raw input: {"client_id":1,"customer_email":"g@gmail.com","customer_name":"Gowtham","customer_phone":"9384742451","duration":"4-8 hours","estimated_price":937.5,"event_date":"2026-01-22","event_name":"Get together","event_time":"19:00:00","event_type":"PARTY","guest_count":100,"preferred_contact_method":"PHONE","service_name":"Catering","user_id":1,"vendor_id":1,"vendor_name":"Royal Feast Caterers","venue":"Vgp"}
Headers: {"Content-Type":"application\/json; charset=UTF-8","Content-Length":"404","Host":"10.0.2.2","Connection":"Keep-Alive","Accept-Encoding":"gzip","User-Agent":"okhttp\/4.12.0"}
Extracted token: NULL
❌ Authorization header missing
=== NEW REQUEST ===
Request received at: 2026-01-16 19:38:34
Raw input: {"client_id":1,"customer_email":"g@gmail.com","customer_name":"Gowtham","customer_phone":"9384742451","duration":"4-8 hours","estimated_price":937.5,"event_date":"2026-01-22","event_name":"Get together","event_time":"19:00:00","event_type":"PARTY","guest_count":100,"preferred_contact_method":"PHONE","service_name":"Catering","user_id":1,"vendor_id":1,"vendor_name":"Royal Feast Caterers","venue":"Vgp"}
Headers: {"Content-Type":"application\/json; charset=UTF-8","Content-Length":"404","Host":"10.0.2.2","Connection":"Keep-Alive","Accept-Encoding":"gzip","User-Agent":"okhttp\/4.12.0"}
Extracted token: NULL
❌ Authorization header missing
=== NEW REQUEST ===
Request received at: 2026-01-16 19:39:27
Raw input: {"client_id":1,"customer_email":"g@gmail.com","customer_name":"Gowtham","customer_phone":"9384742451","duration":"4-8 hours","estimated_price":937.5,"event_date":"2026-01-22","event_name":"Get together","event_time":"19:00:00","event_type":"PARTY","guest_count":100,"preferred_contact_method":"PHONE","service_name":"Catering","user_id":1,"vendor_id":1,"vendor_name":"Royal Feast Caterers","venue":"Vgp"}
Headers: {"Content-Type":"application\/json; charset=UTF-8","Content-Length":"404","Host":"10.0.2.2","Connection":"Keep-Alive","Accept-Encoding":"gzip","User-Agent":"okhttp\/4.12.0"}
Extracted token: NULL
❌ Authorization header missing
=== NEW REQUEST ===
Request received at: 2026-01-16 19:42:45
Raw input: {"client_id":1,"customer_email":"g@gmail.com","customer_name":"Gowtham","customer_phone":"9384742451","duration":"4-8 hours","estimated_price":937.5,"event_date":"2026-01-20","event_name":"Get together","event_time":"19:00:00","event_type":"PARTY","guest_count":100,"preferred_contact_method":"PHONE","service_name":"Catering","user_id":1,"vendor_id":1,"vendor_name":"Royal Feast Caterers","venue":"VGP"}
Headers: {"Authorization":"Bearer ef088e7a82d495407bb3a0742e58d73381b244ed847875af4ba0ea2cdd495174","Content-Type":"application\/json; charset=UTF-8","Content-Length":"404","Host":"10.0.2.2","Connection":"Keep-Alive","Accept-Encoding":"gzip","User-Agent":"okhttp\/4.12.0"}
Extracted token: EXISTS (length: 64)
User found: YES (ID: 1, Role: client)
✅ Authenticated user ID: 1
Creating booking for user ID: 1
❌ Database error: SQLSTATE[23000]: Integrity constraint violation: 1048 Column 'package_name' cannot be null
[16-Jan-2026 19:47:27 Europe/Berlin] === Update Booking Status Request Start ===
[16-Jan-2026 19:47:27 Europe/Berlin] User authenticated: ID=3, Type=organizer, OrganizerID=
[16-Jan-2026 19:47:27 Europe/Berlin] Raw input: {"action":"APPROVE","booking_id":17,"remarks":"Approved"}
[16-Jan-2026 19:47:27 Europe/Berlin] Booking ID: 17, Action: APPROVE
[16-Jan-2026 19:47:27 Europe/Berlin] Booking found: Status=PENDING
[16-Jan-2026 19:47:27 Europe/Berlin] Approved by: 3
[16-Jan-2026 19:47:27 Europe/Berlin] Transaction started
[16-Jan-2026 19:47:27 Europe/Berlin] New status: CONFIRMED
[16-Jan-2026 19:47:27 Europe/Berlin] Booking updated successfully
[16-Jan-2026 19:47:27 Europe/Berlin] History logged successfully
[16-Jan-2026 19:47:27 Europe/Berlin] Notification created successfully
[16-Jan-2026 19:47:27 Europe/Berlin] Transaction committed
[16-Jan-2026 19:47:27 Europe/Berlin] Response: {"success":true,"message":"Booking CONFIRMED successfully","data":{"id":17,"status":"CONFIRMED"}}
=== NEW REQUEST ===
Request received at: 2026-01-17 13:54:50
Raw input: {"client_id":1,"customer_email":"g@gmail.com","customer_name":"Gowtham","customer_phone":"9638520741","duration":"4-8 hours","estimated_price":937.5,"event_date":"2026-01-24","event_name":"Get together","event_time":"18:00:00","event_type":"PARTY","guest_count":100,"preferred_contact_method":"PHONE","service_name":"Catering","user_id":1,"vendor_id":1,"vendor_name":"Royal Feast Caterers","venue":"VGP"}
Headers: {"Authorization":"Bearer 2309628951a9b7274089dac681b577760853584bd0e93c71677856c1ed22d5db","Content-Type":"application\/json; charset=UTF-8","Content-Length":"404","Host":"10.0.2.2","Connection":"Keep-Alive","Accept-Encoding":"gzip","User-Agent":"okhttp\/4.12.0"}
Extracted token: EXISTS (length: 64)
User found: YES (ID: 1, Role: client)
✅ Authenticated user ID: 1
Creating booking for user ID: 1
✅ Booking created with ID: 18
[17-Jan-2026 13:55:39 Europe/Berlin] === Update Booking Status Request Start ===
[17-Jan-2026 13:55:39 Europe/Berlin] User authenticated: ID=3, Type=organizer, OrganizerID=
[17-Jan-2026 13:55:40 Europe/Berlin] Raw input: {"action":"APPROVE","booking_id":18,"remarks":"Approved"}
[17-Jan-2026 13:55:40 Europe/Berlin] Booking ID: 18, Action: APPROVE
[17-Jan-2026 13:55:40 Europe/Berlin] Booking found: Status=PENDING
[17-Jan-2026 13:55:40 Europe/Berlin] Approved by: 3
[17-Jan-2026 13:55:40 Europe/Berlin] Transaction started
[17-Jan-2026 13:55:40 Europe/Berlin] New status: CONFIRMED
[17-Jan-2026 13:55:40 Europe/Berlin] Booking updated successfully
[17-Jan-2026 13:55:40 Europe/Berlin] History logged successfully
[17-Jan-2026 13:55:40 Europe/Berlin] Notification created successfully
[17-Jan-2026 13:55:40 Europe/Berlin] Transaction committed
[17-Jan-2026 13:55:40 Europe/Berlin] Response: {"success":true,"message":"Booking CONFIRMED successfully","data":{"id":18,"status":"CONFIRMED"}}
=== NEW REQUEST ===
Request received at: 2026-01-18 12:55:26
Raw input: {"client_id":1,"customer_email":"s@gmail.com","customer_name":"Sanjay","customer_phone":"9741025863","duration":"6-8 hours","estimated_price":33750.0,"event_date":"2026-01-19","event_name":"Product launch","event_time":"18:00:00","event_type":"CORPORATE","guest_count":120,"preferred_contact_method":"PHONE","service_name":"Photography","user_id":1,"vendor_id":1,"vendor_name":"Capture Moments Studio","venue":"AVM"}
Headers: {"Authorization":"Bearer 221e8de5bf0ccf9dfb5a2ba9cb79b65765da4dffae7b191ae96f60f0183d52ff","Content-Type":"application\/json; charset=UTF-8","Content-Length":"416","Host":"10.0.2.2","Connection":"Keep-Alive","Accept-Encoding":"gzip","User-Agent":"okhttp\/4.12.0"}
Extracted token: EXISTS (length: 64)
User found: YES (ID: 1, Role: client)
✅ Authenticated user ID: 1
Creating booking for user ID: 1
✅ Booking created with ID: 19
=== NEW REQUEST ===
Request received at: 2026-01-28 15:49:01
Raw input: {"client_id":1,"customer_email":"g@gmail.com","customer_name":"Hari","customer_phone":"9384746125","duration":"4-8 hours","estimated_price":20700.0,"event_date":"2026-01-30","event_name":"Weekend Party","event_time":"19:00:00","event_type":"CORPORATE","guest_count":30,"preferred_contact_method":"PHONE","service_name":"DJ/Music","special_requirements":"Good Sound Effect","user_id":1,"vendor_id":1,"vendor_name":"Beat Masters DJ","venue":"ZOLO"}
Headers: {"Authorization":"Bearer 1ecd05a794efcbf7a0e49b5da5e96cf295269bdc46a9c5c074bbd9feef16e688","Content-Type":"application\/json; charset=UTF-8","Content-Length":"446","Host":"10.0.2.2","Connection":"Keep-Alive","Accept-Encoding":"gzip","User-Agent":"okhttp\/4.12.0"}
Extracted token: EXISTS (length: 64)
User found: YES (ID: 1, Role: client)
✅ Authenticated user ID: 1
Creating booking for user ID: 1
✅ Booking created with ID: 21
[28-Jan-2026 15:50:40 Europe/Berlin] === Update Booking Status Request Start ===
[28-Jan-2026 15:50:40 Europe/Berlin] PHP Warning:  Undefined array key "user_type" in C:\xampp\htdocs\eventura_api\api\admin\update_booking_status.php on line 22
[28-Jan-2026 15:50:40 Europe/Berlin] User authenticated: ID=3, Type=, OrganizerID=1
[28-Jan-2026 15:50:40 Europe/Berlin] Raw input: {"action":"APPROVE","booking_id":21,"remarks":"Approved"}
[28-Jan-2026 15:50:40 Europe/Berlin] Booking ID: 21, Action: APPROVE
[28-Jan-2026 15:50:40 Europe/Berlin] Booking found: Status=PENDING
[28-Jan-2026 15:50:40 Europe/Berlin] Approved by: 3
[28-Jan-2026 15:50:40 Europe/Berlin] Transaction started
[28-Jan-2026 15:50:40 Europe/Berlin] New status: CONFIRMED
[28-Jan-2026 15:50:40 Europe/Berlin] Booking updated successfully
[28-Jan-2026 15:50:40 Europe/Berlin] History logged successfully
[28-Jan-2026 15:50:40 Europe/Berlin] Notification created successfully
[28-Jan-2026 15:50:40 Europe/Berlin] Transaction committed
[28-Jan-2026 15:50:40 Europe/Berlin] Response: {"success":true,"message":"Booking CONFIRMED successfully","data":{"id":21,"status":"CONFIRMED"}}
[28-Jan-2026 15:50:44 Europe/Berlin] === Update Booking Status Request Start ===
[28-Jan-2026 15:50:44 Europe/Berlin] PHP Warning:  Undefined array key "user_type" in C:\xampp\htdocs\eventura_api\api\admin\update_booking_status.php on line 22
[28-Jan-2026 15:50:44 Europe/Berlin] User authenticated: ID=3, Type=, OrganizerID=1
[28-Jan-2026 15:50:44 Europe/Berlin] Raw input: {"action":"APPROVE","booking_id":20,"remarks":"Approved"}
[28-Jan-2026 15:50:44 Europe/Berlin] Booking ID: 20, Action: APPROVE
[28-Jan-2026 15:50:44 Europe/Berlin] Booking found: Status=PENDING
[28-Jan-2026 15:50:44 Europe/Berlin] Approved by: 3
[28-Jan-2026 15:50:44 Europe/Berlin] Transaction started
[28-Jan-2026 15:50:44 Europe/Berlin] New status: CONFIRMED
[28-Jan-2026 15:50:44 Europe/Berlin] Booking updated successfully
[28-Jan-2026 15:50:44 Europe/Berlin] History logged successfully
[28-Jan-2026 15:50:44 Europe/Berlin] Notification created successfully
[28-Jan-2026 15:50:44 Europe/Berlin] Transaction committed
[28-Jan-2026 15:50:44 Europe/Berlin] Response: {"success":true,"message":"Booking CONFIRMED successfully","data":{"id":20,"status":"CONFIRMED"}}
[28-Jan-2026 15:50:57 Europe/Berlin] === Update Booking Status Request Start ===
[28-Jan-2026 15:50:57 Europe/Berlin] PHP Warning:  Undefined array key "user_type" in C:\xampp\htdocs\eventura_api\api\admin\update_booking_status.php on line 22
[28-Jan-2026 15:50:57 Europe/Berlin] User authenticated: ID=3, Type=, OrganizerID=1
[28-Jan-2026 15:50:57 Europe/Berlin] Raw input: {"action":"REJECT","booking_id":19,"rejection_reason":"Date already fully booked"}
[28-Jan-2026 15:50:57 Europe/Berlin] Booking ID: 19, Action: REJECT
[28-Jan-2026 15:50:57 Europe/Berlin] Booking found: Status=PENDING
[28-Jan-2026 15:50:57 Europe/Berlin] Approved by: 3
[28-Jan-2026 15:50:57 Europe/Berlin] Transaction started
[28-Jan-2026 15:50:57 Europe/Berlin] New status: REJECTED
[28-Jan-2026 15:50:57 Europe/Berlin] Booking updated successfully
[28-Jan-2026 15:50:57 Europe/Berlin] History logged successfully
[28-Jan-2026 15:50:57 Europe/Berlin] Notification created successfully
[28-Jan-2026 15:50:57 Europe/Berlin] Transaction committed
[28-Jan-2026 15:50:57 Europe/Berlin] Response: {"success":true,"message":"Booking REJECTED successfully","data":{"id":19,"status":"REJECTED"}}
